# JRE version: OpenJDK Runtime Environment (8.0_152-b01) (build 1.8.0_152-release-1343-b01)
# Java VM: OpenJDK 64-Bit Server VM (25.152-b01 mixed mode windows-amd64 compressed oops)
Heap:
 PSYoungGen      total 106496K, used 106467K [0x00000000d5b80000, 0x00000000e1980000, 0x0000000100000000)
  eden space 78336K, 100% used [0x00000000d5b80000,0x00000000da800000,0x00000000da800000)
  from space 28160K, 99% used [0x00000000da800000,0x00000000dc378c18,0x00000000dc380000)
  to   space 47104K, 99% used [0x00000000deb80000,0x00000000e197eab8,0x00000000e1980000)
 ParOldGen       total 116736K, used 78420K [0x0000000081200000, 0x0000000088400000, 0x00000000d5b80000)
  object space 116736K, 67% used [0x0000000081200000,0x0000000085e9b040,0x0000000088400000)
 Metaspace       used 50337K, capacity 51002K, committed 51328K, reserved 1093632K
  class space    used 6268K, capacity 6463K, committed 6528K, reserved 1048576K
GC Heap History (10 events):
Event: 9.657 GC heap after
Heap after GC invocations=7 (full 1):
 PSYoungGen      total 82944K, used 7949K [0x00000000d5b80000, 0x00000000dd600000, 0x0000000100000000)
  eden space 67072K, 0% used [0x00000000d5b80000,0x00000000d5b80000,0x00000000d9d00000)
  from space 15872K, 50% used [0x00000000dac00000,0x00000000db3c3670,0x00000000dbb80000)
  to   space 15360K, 0% used [0x00000000d9d00000,0x00000000d9d00000,0x00000000dac00000)
 ParOldGen       total 66560K, used 21805K [0x0000000081200000, 0x0000000085300000, 0x00000000d5b80000)
  object space 66560K, 32% used [0x0000000081200000,0x000000008274b630,0x0000000085300000)
 Metaspace       used 34706K, capacity 35234K, committed 35456K, reserved 1079296K
  class space    used 4492K, capacity 4675K, committed 4736K, reserved 1048576K
}
Event: 9.657 GC heap before
{Heap before GC invocations=8 (full 2):
 PSYoungGen      total 82944K, used 7949K [0x00000000d5b80000, 0x00000000dd600000, 0x0000000100000000)
  eden space 67072K, 0% used [0x00000000d5b80000,0x00000000d5b80000,0x00000000d9d00000)
  from space 15872K, 50% used [0x00000000dac00000,0x00000000db3c3670,0x00000000dbb80000)
  to   space 15360K, 0% used [0x00000000d9d00000,0x00000000d9d00000,0x00000000dac00000)
 ParOldGen       total 66560K, used 21805K [0x0000000081200000, 0x0000000085300000, 0x00000000d5b80000)
  object space 66560K, 32% used [0x0000000081200000,0x000000008274b630,0x0000000085300000)
 Metaspace       used 34706K, capacity 35234K, committed 35456K, reserved 1079296K
  class space    used 4492K, capacity 4675K, committed 4736K, reserved 1048576K
Event: 9.855 GC heap after
Heap after GC invocations=8 (full 2):
 PSYoungGen      total 82944K, used 0K [0x00000000d5b80000, 0x00000000dd600000, 0x0000000100000000)
  eden space 67072K, 0% used [0x00000000d5b80000,0x00000000d5b80000,0x00000000d9d00000)
  from space 15872K, 0% used [0x00000000dac00000,0x00000000dac00000,0x00000000dbb80000)
  to   space 15360K, 0% used [0x00000000d9d00000,0x00000000d9d00000,0x00000000dac00000)
 ParOldGen       total 116736K, used 16710K [0x0000000081200000, 0x0000000088400000, 0x00000000d5b80000)
  object space 116736K, 14% used [0x0000000081200000,0x0000000082251840,0x0000000088400000)
 Metaspace       used 34706K, capacity 35234K, committed 35456K, reserved 1079296K
  class space    used 4492K, capacity 4675K, committed 4736K, reserved 1048576K
}
Event: 12.179 GC heap before
{Heap before GC invocations=9 (full 2):
 PSYoungGen      total 82944K, used 67072K [0x00000000d5b80000, 0x00000000dd600000, 0x0000000100000000)
  eden space 67072K, 100% used [0x00000000d5b80000,0x00000000d9d00000,0x00000000d9d00000)
  from space 15872K, 0% used [0x00000000dac00000,0x00000000dac00000,0x00000000dbb80000)
  to   space 15360K, 0% used [0x00000000d9d00000,0x00000000d9d00000,0x00000000dac00000)
 ParOldGen       total 116736K, used 16710K [0x0000000081200000, 0x0000000088400000, 0x00000000d5b80000)
  object space 116736K, 14% used [0x0000000081200000,0x0000000082251840,0x0000000088400000)
 Metaspace       used 36527K, capacity 37058K, committed 37376K, reserved 1081344K
  class space    used 4649K, capacity 4835K, committed 4864K, reserved 1048576K
Event: 12.204 GC heap after
Heap after GC invocations=9 (full 2):
 PSYoungGen      total 82432K, used 15357K [0x00000000d5b80000, 0x00000000dd600000, 0x0000000100000000)
  eden space 67072K, 0% used [0x00000000d5b80000,0x00000000d5b80000,0x00000000d9d00000)
  from space 15360K, 99% used [0x00000000d9d00000,0x00000000dabff7c0,0x00000000dac00000)
  to   space 18944K, 0% used [0x00000000dc380000,0x00000000dc380000,0x00000000dd600000)
 ParOldGen       total 116736K, used 19735K [0x0000000081200000, 0x0000000088400000, 0x00000000d5b80000)
  object space 116736K, 16% used [0x0000000081200000,0x0000000082545d30,0x0000000088400000)
 Metaspace       used 36527K, capacity 37058K, committed 37376K, reserved 1081344K
  class space    used 4649K, capacity 4835K, committed 4864K, reserved 1048576K
}
Event: 14.551 GC heap before
{Heap before GC invocations=10 (full 2):
 PSYoungGen      total 82432K, used 82429K [0x00000000d5b80000, 0x00000000dd600000, 0x0000000100000000)
  eden space 67072K, 100% used [0x00000000d5b80000,0x00000000d9d00000,0x00000000d9d00000)
  from space 15360K, 99% used [0x00000000d9d00000,0x00000000dabff7c0,0x00000000dac00000)
  to   space 18944K, 0% used [0x00000000dc380000,0x00000000dc380000,0x00000000dd600000)
 ParOldGen       total 116736K, used 19735K [0x0000000081200000, 0x0000000088400000, 0x00000000d5b80000)
  object space 116736K, 16% used [0x0000000081200000,0x0000000082545d30,0x0000000088400000)
 Metaspace       used 43674K, capacity 44290K, committed 44672K, reserved 1087488K
  class space    used 5487K, capacity 5667K, committed 5760K, reserved 1048576K
Event: 14.570 GC heap after
Heap after GC invocations=10 (full 2):
 PSYoungGen      total 97280K, used 18931K [0x00000000d5b80000, 0x00000000de680000, 0x0000000100000000)
  eden space 78336K, 0% used [0x00000000d5b80000,0x00000000d5b80000,0x00000000da800000)
  from space 18944K, 99% used [0x00000000dc380000,0x00000000dd5fcd90,0x00000000dd600000)
  to   space 28160K, 0% used [0x00000000da800000,0x00000000da800000,0x00000000dc380000)
 ParOldGen       total 116736K, used 34861K [0x0000000081200000, 0x0000000088400000, 0x00000000d5b80000)
  object space 116736K, 29% used [0x0000000081200000,0x000000008340b5f8,0x0000000088400000)
 Metaspace       used 43674K, capacity 44290K, committed 44672K, reserved 1087488K
  class space    used 5487K, capacity 5667K, committed 5760K, reserved 1048576K
}
Event: 15.076 GC heap before
{Heap before GC invocations=11 (full 2):
 PSYoungGen      total 97280K, used 97267K [0x00000000d5b80000, 0x00000000de680000, 0x0000000100000000)
  eden space 78336K, 100% used [0x00000000d5b80000,0x00000000da800000,0x00000000da800000)
  from space 18944K, 99% used [0x00000000dc380000,0x00000000dd5fcd90,0x00000000dd600000)
  to   space 28160K, 0% used [0x00000000da800000,0x00000000da800000,0x00000000dc380000)
 ParOldGen       total 116736K, used 34861K [0x0000000081200000, 0x0000000088400000, 0x00000000d5b80000)
  object space 116736K, 29% used [0x0000000081200000,0x000000008340b5f8,0x0000000088400000)
 Metaspace       used 46573K, capacity 47156K, committed 47488K, reserved 1091584K
  class space    used 5779K, capacity 5960K, committed 6016K, reserved 1048576K
Event: 15.113 GC heap after
Heap after GC invocations=11 (full 2):
 PSYoungGen      total 106496K, used 28131K [0x00000000d5b80000, 0x00000000e1980000, 0x0000000100000000)
  eden space 78336K, 0% used [0x00000000d5b80000,0x00000000d5b80000,0x00000000da800000)
  from space 28160K, 99% used [0x00000000da800000,0x00000000dc378c18,0x00000000dc380000)
  to   space 47104K, 0% used [0x00000000deb80000,0x00000000deb80000,0x00000000e1980000)
 ParOldGen       total 116736K, used 71100K [0x0000000081200000, 0x0000000088400000, 0x00000000d5b80000)
  object space 116736K, 60% used [0x0000000081200000,0x000000008576f040,0x0000000088400000)
 Metaspace       used 46573K, capacity 47156K, committed 47488K, reserved 1091584K
  class space    used 5779K, capacity 5960K, committed 6016K, reserved 1048576K
}
Event: 15.773 GC heap before
{Heap before GC invocations=12 (full 2):
 PSYoungGen      total 106496K, used 106467K [0x00000000d5b80000, 0x00000000e1980000, 0x0000000100000000)
  eden space 78336K, 100% used [0x00000000d5b80000,0x00000000da800000,0x00000000da800000)
  from space 28160K, 99% used [0x00000000da800000,0x00000000dc378c18,0x00000000dc380000)
  to   space 47104K, 0% used [0x00000000deb80000,0x00000000deb80000,0x00000000e1980000)
 ParOldGen       total 116736K, used 71100K [0x0000000081200000, 0x0000000088400000, 0x00000000d5b80000)
  object space 116736K, 60% used [0x0000000081200000,0x000000008576f040,0x0000000088400000)
 Metaspace       used 50337K, capacity 51002K, committed 51328K, reserved 1093632K
  class space    used 6268K, capacity 6463K, committed 6528K, reserved 1048576K

